"C:/Users/GGPC/Documents/Unreal Projects/Long_Man_7_Pamphlets/Content/Geometry/Meshes/CubeMaterial.uasset" 0
"C:/Users/GGPC/Documents/Unreal Projects/Long_Man_7_Pamphlets/Content/Geometry/Meshes/1M_Cube.uasset" 1
"C:/Users/GGPC/Documents/Unreal Projects/Long_Man_7_Pamphlets/Content/Geometry/Meshes/1M_Cube_Chamfer.uasset" 2
"C:/Users/GGPC/Documents/Unreal Projects/Long_Man_7_Pamphlets/Content/LongMan/Sounds/growls/growl_3.uasset" 3
"C:/Users/GGPC/Documents/Unreal Projects/Long_Man_7_Pamphlets/Content/LongMan/Sounds/growls/growl_2.uasset" 4
"C:/Users/GGPC/Documents/Unreal Projects/Long_Man_7_Pamphlets/Content/LongMan/Sounds/growls/growl_1.uasset" 5
"C:/Users/GGPC/Documents/Unreal Projects/Long_Man_7_Pamphlets/Content/LongMan/Sounds/growls/growl.uasset" 6
"C:/Users/GGPC/Documents/Unreal Projects/Long_Man_7_Pamphlets/Content/LongMan/Mesh/LongManSkeleton_PhysicsAsset.uasset" 7
"C:/Users/GGPC/Documents/Unreal Projects/Long_Man_7_Pamphlets/Content/LongMan/Materials/Suit.uasset" 8
"C:/Users/GGPC/Documents/Unreal Projects/Long_Man_7_Pamphlets/Content/LongMan/Materials/Skin.uasset" 9
"../../../Engine/Content/EngineMeshes/Humanoid.uasset" 10
"C:/Users/GGPC/Documents/Unreal Projects/Long_Man_7_Pamphlets/Content/LongMan/Mesh/LongManSkeleton_Skeleton.uasset" 11
"C:/Users/GGPC/Documents/Unreal Projects/Long_Man_7_Pamphlets/Content/LongMan/Mesh/LongManSkeleton.uasset" 12
"C:/Users/GGPC/Documents/Unreal Projects/Long_Man_7_Pamphlets/Content/LongMan/AI/reset.uasset" 13
"C:/Users/GGPC/Documents/Unreal Projects/Long_Man_7_Pamphlets/Content/Geometry/Meshes/ShinyBit.uasset" 14
"C:/Users/GGPC/Documents/Unreal Projects/Long_Man_7_Pamphlets/Content/Geometry/Meshes/Flashlight1.uasset" 15
"C:/Users/GGPC/Documents/Unreal Projects/Long_Man_7_Pamphlets/Content/Geometry/Meshes/flashlight.uasset" 16
"C:/Users/GGPC/Documents/Unreal Projects/Long_Man_7_Pamphlets/Content/Geometry/Meshes/Cube_001.uasset" 17
"../../../Engine/Content/EditorBlueprintResources/StandardMacros.uasset" 18
"C:/Users/GGPC/Documents/Unreal Projects/Long_Man_7_Pamphlets/Content/Mannequin/Character/Mesh/UE4_Mannequin_Skeleton.uasset" 19
"C:/Users/GGPC/Documents/Unreal Projects/Long_Man_7_Pamphlets/Content/Mannequin/Animations/ThirdPersonWalk.uasset" 20
"C:/Users/GGPC/Documents/Unreal Projects/Long_Man_7_Pamphlets/Content/Mannequin/Character/Audio/step3.uasset" 21
"C:/Users/GGPC/Documents/Unreal Projects/Long_Man_7_Pamphlets/Content/Mannequin/Character/Audio/step2.uasset" 22
"C:/Users/GGPC/Documents/Unreal Projects/Long_Man_7_Pamphlets/Content/Mannequin/Character/Audio/step1.uasset" 23
"C:/Users/GGPC/Documents/Unreal Projects/Long_Man_7_Pamphlets/Content/Mannequin/Character/Audio/step.uasset" 24
"C:/Users/GGPC/Documents/Unreal Projects/Long_Man_7_Pamphlets/Content/Mannequin/Character/Audio/playerWalk.uasset" 25
"../../../Engine/Content/Animation/DefaultAnimCurveCompressionSettings.uasset" 26
"../../../Engine/Content/Animation/DefaultAnimBoneCompressionSettings.uasset" 27
"C:/Users/GGPC/Documents/Unreal Projects/Long_Man_7_Pamphlets/Content/Mannequin/Animations/ThirdPersonRun.uasset" 28
"C:/Users/GGPC/Documents/Unreal Projects/Long_Man_7_Pamphlets/Content/Mannequin/Animations/ThirdPersonIdle.uasset" 29
"C:/Users/GGPC/Documents/Unreal Projects/Long_Man_7_Pamphlets/Content/Mannequin/Animations/ThirdPerson_IdleRun_2D.uasset" 30
"C:/Users/GGPC/Documents/Unreal Projects/Long_Man_7_Pamphlets/Content/Mannequin/Animations/ThirdPerson_Jump.uasset" 31
"C:/Users/GGPC/Documents/Unreal Projects/Long_Man_7_Pamphlets/Content/Mannequin/Animations/ThirdPersonJump_Start.uasset" 32
"C:/Users/GGPC/Documents/Unreal Projects/Long_Man_7_Pamphlets/Content/Mannequin/Animations/ThirdPersonJump_Loop.uasset" 33
"C:/Users/GGPC/Documents/Unreal Projects/Long_Man_7_Pamphlets/Content/Mannequin/Animations/ThirdPerson_AnimBP.uasset" 34
"C:/Users/GGPC/Documents/Unreal Projects/Long_Man_7_Pamphlets/Content/Mannequin/Character/Textures/T_UE4Logo_Mask.uasset" 35
"C:/Users/GGPC/Documents/Unreal Projects/Long_Man_7_Pamphlets/Content/Mannequin/Character/Textures/T_Male_N.uasset" 36
"C:/Users/GGPC/Documents/Unreal Projects/Long_Man_7_Pamphlets/Content/Mannequin/Character/Textures/T_Male_Mask.uasset" 37
"C:/Users/GGPC/Documents/Unreal Projects/Long_Man_7_Pamphlets/Content/Mannequin/Character/Materials/MaterialLayers/T_ML_Rubber_Blue_01_N.uasset" 38
"C:/Users/GGPC/Documents/Unreal Projects/Long_Man_7_Pamphlets/Content/Mannequin/Character/Materials/MaterialLayers/T_ML_Rubber_Blue_01_D.uasset" 39
"C:/Users/GGPC/Documents/Unreal Projects/Long_Man_7_Pamphlets/Content/Mannequin/Character/Materials/MaterialLayers/T_ML_Aluminum01_N.uasset" 40
"C:/Users/GGPC/Documents/Unreal Projects/Long_Man_7_Pamphlets/Content/Mannequin/Character/Materials/MaterialLayers/T_ML_Aluminum01.uasset" 41
"C:/Users/GGPC/Documents/Unreal Projects/Long_Man_7_Pamphlets/Content/Mannequin/Character/Materials/MaterialLayers/ML_SoftMetal_UE4.uasset" 42
"C:/Users/GGPC/Documents/Unreal Projects/Long_Man_7_Pamphlets/Content/Mannequin/Character/Materials/MaterialLayers/ML_Plastic_Shiny_Beige_LOGO.uasset" 43
"C:/Users/GGPC/Documents/Unreal Projects/Long_Man_7_Pamphlets/Content/Mannequin/Character/Materials/MaterialLayers/ML_Plastic_Shiny_Beige.uasset" 44
"C:/Users/GGPC/Documents/Unreal Projects/Long_Man_7_Pamphlets/Content/Mannequin/Character/Materials/MaterialLayers/ML_GlossyBlack_Latex_UE4.uasset" 45
"../../../Engine/Content/Functions/MaterialLayerFunctions/MatLayerBlend_Simple.uasset" 46
"../../../Engine/Content/Functions/Engine_MaterialFunctions02/Utility/BlendAngleCorrectedNormals.uasset" 47
"../../../Engine/Content/Functions/MaterialLayerFunctions/MatLayerBlend_NormalBlend.uasset" 48
"C:/Users/GGPC/Documents/Unreal Projects/Long_Man_7_Pamphlets/Content/Mannequin/Character/Materials/M_Male_Body.uasset" 49
"C:/Users/GGPC/Documents/Unreal Projects/Long_Man_7_Pamphlets/Content/Mannequin/Character/Mesh/SK_Mannequin_PhysicsAsset.uasset" 50
"C:/Users/GGPC/Documents/Unreal Projects/Long_Man_7_Pamphlets/Content/Mannequin/Character/Textures/T_UE4Logo_N.uasset" 51
"C:/Users/GGPC/Documents/Unreal Projects/Long_Man_7_Pamphlets/Content/Mannequin/Character/Materials/M_UE4Man_ChestLogo.uasset" 52
"C:/Users/GGPC/Documents/Unreal Projects/Long_Man_7_Pamphlets/Content/Mannequin/Character/Mesh/SK_Mannequin.uasset" 53
"C:/Users/GGPC/Documents/Unreal Projects/Long_Man_7_Pamphlets/Content/HUD.uasset" 54
"C:/Users/GGPC/Documents/Unreal Projects/Long_Man_7_Pamphlets/Content/ThirdPersonBP/Blueprints/ThirdPersonCharacter.uasset" 55
"C:/Users/GGPC/Documents/Unreal Projects/Long_Man_7_Pamphlets/Content/Geometry/Meshes/FbxScene_flashlight.uasset" 56
"C:/Users/GGPC/Documents/Unreal Projects/Long_Man_7_Pamphlets/Content/Portal/tex2.uasset" 57
"C:/Users/GGPC/Documents/Unreal Projects/Long_Man_7_Pamphlets/Content/Portal/Material.uasset" 58
"C:/Users/GGPC/Documents/Unreal Projects/Long_Man_7_Pamphlets/Content/Portal/portalframe.uasset" 59
"C:/Users/GGPC/Documents/Unreal Projects/Long_Man_7_Pamphlets/Content/Portal/space2.uasset" 60
"C:/Users/GGPC/Documents/Unreal Projects/Long_Man_7_Pamphlets/Content/Portal/PortalPart.uasset" 61
"C:/Users/GGPC/Documents/Unreal Projects/Long_Man_7_Pamphlets/Content/Portal/portaldone.uasset" 62
"C:/Users/GGPC/Documents/Unreal Projects/Long_Man_7_Pamphlets/Content/Portal/Portal.uasset" 63
"C:/Users/GGPC/Documents/Unreal Projects/Long_Man_7_Pamphlets/Content/Global.uasset" 64
"C:/Users/GGPC/Documents/Unreal Projects/Long_Man_7_Pamphlets/Content/LongMan/AI/removeplayer.uasset" 65
"C:/Users/GGPC/Documents/Unreal Projects/Long_Man_7_Pamphlets/Content/LongMan/Sounds/footsteps/monsterstep3.uasset" 66
"C:/Users/GGPC/Documents/Unreal Projects/Long_Man_7_Pamphlets/Content/LongMan/Sounds/footsteps/monsterstep.uasset" 67
"C:/Users/GGPC/Documents/Unreal Projects/Long_Man_7_Pamphlets/Content/LongMan/Animations/Walk.uasset" 68
"C:/Users/GGPC/Documents/Unreal Projects/Long_Man_7_Pamphlets/Content/LongMan/Animations/victorydance/Thriller_Part_2.uasset" 69
"C:/Users/GGPC/Documents/Unreal Projects/Long_Man_7_Pamphlets/Content/LongMan/Animations/Idle.uasset" 70
"C:/Users/GGPC/Documents/Unreal Projects/Long_Man_7_Pamphlets/Content/LongMan/Animations/finishers/Inside_Crescent_Kick.uasset" 71
"C:/Users/GGPC/Documents/Unreal Projects/Long_Man_7_Pamphlets/Content/LongMan/AI/LongMan_BB.uasset" 72
"C:/Users/GGPC/Documents/Unreal Projects/Long_Man_7_Pamphlets/Content/LongMan/Sounds/screeches/screech_6.uasset" 73
"C:/Users/GGPC/Documents/Unreal Projects/Long_Man_7_Pamphlets/Content/LongMan/Sounds/screeches/screech_5.uasset" 74
"C:/Users/GGPC/Documents/Unreal Projects/Long_Man_7_Pamphlets/Content/LongMan/Sounds/screeches/screech_4.uasset" 75
"C:/Users/GGPC/Documents/Unreal Projects/Long_Man_7_Pamphlets/Content/LongMan/Sounds/screeches/screech_3.uasset" 76
"C:/Users/GGPC/Documents/Unreal Projects/Long_Man_7_Pamphlets/Content/LongMan/Sounds/screeches/screech_2.uasset" 77
"C:/Users/GGPC/Documents/Unreal Projects/Long_Man_7_Pamphlets/Content/LongMan/Sounds/screeches/screech_1.uasset" 78
"C:/Users/GGPC/Documents/Unreal Projects/Long_Man_7_Pamphlets/Content/LongMan/Sounds/screeches/screech.uasset" 79
"C:/Users/GGPC/Documents/Unreal Projects/Long_Man_7_Pamphlets/Content/LongMan/AI/Hunt.uasset" 80
"C:/Users/GGPC/Documents/Unreal Projects/Long_Man_7_Pamphlets/Content/LongMan/AI/GetNewPosition.uasset" 81
"C:/Users/GGPC/Documents/Unreal Projects/Long_Man_7_Pamphlets/Content/LongMan/AI/gameover.uasset" 82
"C:/Users/GGPC/Documents/Unreal Projects/Long_Man_7_Pamphlets/Content/LongMan/AI/findLocation.uasset" 83
"C:/Users/GGPC/Documents/Unreal Projects/Long_Man_7_Pamphlets/Content/LongMan/AI/catch.uasset" 84
"C:/Users/GGPC/Documents/Unreal Projects/Long_Man_7_Pamphlets/Content/LongMan/AI/LongMan_BT.uasset" 85
"C:/Users/GGPC/Documents/Unreal Projects/Long_Man_7_Pamphlets/Content/LongMan/AI/LongMan_AI.uasset" 86
"C:/Users/GGPC/Documents/Unreal Projects/Long_Man_7_Pamphlets/Content/LongMan/LongMan.uasset" 87
"C:/Users/GGPC/Documents/Unreal Projects/Long_Man_7_Pamphlets/Content/LongMan/AI/relocate.uasset" 88
"C:/Users/GGPC/Documents/Unreal Projects/Long_Man_7_Pamphlets/Content/LongMan/Animations/LongMan_Blueprint.uasset" 89
"C:/Users/GGPC/Documents/Unreal Projects/Long_Man_7_Pamphlets/Content/LongMan/Animations/finishers/Mma_Kick.uasset" 90
"C:/Users/GGPC/Documents/Unreal Projects/Long_Man_7_Pamphlets/Content/LongMan/Animations/finishers/Drop_Kick.uasset" 91
"C:/Users/GGPC/Documents/Unreal Projects/Long_Man_7_Pamphlets/Content/LongMan/Animations/finishers/killmove.uasset" 92
"C:/Users/GGPC/Documents/Unreal Projects/Long_Man_7_Pamphlets/Content/LongMan/Animations/victorydance/Thriller_Part_3.uasset" 93
"C:/Users/GGPC/Documents/Unreal Projects/Long_Man_7_Pamphlets/Content/LongMan/Animations/victorydance/Thriller_Part_4.uasset" 94
"C:/Users/GGPC/Documents/Unreal Projects/Long_Man_7_Pamphlets/Content/LongMan/Mesh/LongManBoneMapping.uasset" 95
"C:/Users/GGPC/Documents/Unreal Projects/Long_Man_7_Pamphlets/Content/LongMan/Sounds/footsteps/monsterstep2.uasset" 96
"C:/Users/GGPC/Documents/Unreal Projects/Long_Man_7_Pamphlets/Content/LongMan/Sounds/footsteps/mosterstep1.uasset" 97
"C:/Users/GGPC/Documents/Unreal Projects/Long_Man_7_Pamphlets/Content/Mannequin/Animations/ThirdPersonJump_End.uasset" 98
"C:/Users/GGPC/Documents/Unreal Projects/Long_Man_7_Pamphlets/Content/Mannequin/Character/Textures/T_Female_N.uasset" 99
"C:/Users/GGPC/Documents/Unreal Projects/Long_Man_7_Pamphlets/Content/Mannequin/Character/Textures/T_Female_Mask.uasset" 100
"C:/Users/GGPC/Documents/Unreal Projects/Long_Man_7_Pamphlets/Content/Mannequin/Character/Materials/MI_Female_Body.uasset" 101
"C:/Users/GGPC/Documents/Unreal Projects/Long_Man_7_Pamphlets/Content/Mannequin/Character/Mesh/SK_Mannequin_Female_PhysicsAsset.uasset" 102
"C:/Users/GGPC/Documents/Unreal Projects/Long_Man_7_Pamphlets/Content/Mannequin/Character/Mesh/SK_Mannequin_Female.uasset" 103
"C:/Users/GGPC/Documents/Unreal Projects/Long_Man_7_Pamphlets/Content/newChar/Mixamo.uasset" 104
"C:/Users/GGPC/Documents/Unreal Projects/Long_Man_7_Pamphlets/Content/newChar/survivorSkeleton_Skeleton.uasset" 105
"C:/Users/GGPC/Documents/Unreal Projects/Long_Man_7_Pamphlets/Content/newChar/survivorSkeleton_PhysicsAsset.uasset" 106
"C:/Users/GGPC/Documents/Unreal Projects/Long_Man_7_Pamphlets/Content/newChar/survivorSkeleton.uasset" 107
"C:/Users/GGPC/Documents/Unreal Projects/Long_Man_7_Pamphlets/Content/Pamphlets/lovecraft.uasset" 108
"C:/Users/GGPC/Documents/Unreal Projects/Long_Man_7_Pamphlets/Content/Stylized_PBR_Nature/Foliage/Textures/T_Common_Tree_10_ORM.uasset" 109
"C:/Users/GGPC/Documents/Unreal Projects/Long_Man_7_Pamphlets/Content/ThirdPerson/Meshes/RampMaterial.uasset" 110
"C:/Users/GGPC/Documents/Unreal Projects/Long_Man_7_Pamphlets/Content/ThirdPerson/Meshes/Bump_StaticMesh.uasset" 111
"C:/Users/GGPC/Documents/Unreal Projects/Long_Man_7_Pamphlets/Content/ThirdPerson/Meshes/LeftArm_StaticMesh.uasset" 112
"C:/Users/GGPC/Documents/Unreal Projects/Long_Man_7_Pamphlets/Content/ThirdPerson/Meshes/Linear_Stair_StaticMesh.uasset" 113
"C:/Users/GGPC/Documents/Unreal Projects/Long_Man_7_Pamphlets/Content/ThirdPerson/Meshes/Ramp_StaticMesh.uasset" 114
"C:/Users/GGPC/Documents/Unreal Projects/Long_Man_7_Pamphlets/Content/ThirdPerson/Meshes/RightArm_StaticMesh.uasset" 115
"C:/Users/GGPC/Documents/Unreal Projects/Long_Man_7_Pamphlets/Content/ThirdPersonBP/ThirdPersonOverview.uasset" 116
"C:/Users/GGPC/Documents/Unreal Projects/Long_Man_7_Pamphlets/Content/ThirdPersonBP/Blueprints/ThirdPersonGameMode.uasset" 117
"../../../Engine/Content/EngineMaterials/T_Default_Material_Grid_N.uasset" 118
"../../../Engine/Content/EngineMaterials/T_Default_Material_Grid_M.uasset" 119
"../../../Engine/Content/Functions/Engine_MaterialFunctions01/Opacity/CameraDepthFade.uasset" 120
"../../../Engine/Content/EngineMaterials/WorldGridMaterial.uasset" 121
"../../../Engine/Content/ArtTools/RenderToTexture/Meshes/S_1_Unit_Plane.uasset" 122
"../../../Engine/Content/EngineMaterials/DefaultMaterial.uasset" 123
"../../../Engine/Content/BasicShapes/Cone.uasset" 124
"../../../Engine/Content/BasicShapes/Cube.uasset" 125
"../../../Engine/Content/BasicShapes/Sphere.uasset" 126
"../../../Engine/Content/EditorLandscapeResources/DefaultAlphaTexture.uasset" 127
"../../../Engine/Content/EditorMaterials/MAT_Groups_Toggle.uasset" 128
"../../../Engine/Content/EditorMaterials/MAT_Groups_Visibility.uasset" 129
"../../../Engine/Content/EditorMaterials/PreviewShadowIndicator.uasset" 130
"../../../Engine/Content/EditorMaterials/PreviewShadowIndicatorMaterial.uasset" 131
"../../../Engine/Content/EditorMaterials/MatineeGroups/MAT_ColorTrack.uasset" 132
"../../../Engine/Content/EditorMaterials/MatineeGroups/MAT_Groups_Anim.uasset" 133
"../../../Engine/Content/EditorMaterials/MatineeGroups/MAT_Groups_AudioMaster.uasset" 134
"../../../Engine/Content/EditorMaterials/MatineeGroups/MAT_Groups_Director.uasset" 135
"../../../Engine/Content/EditorMaterials/MatineeGroups/MAT_Groups_Event.uasset" 136
"../../../Engine/Content/EditorMaterials/MatineeGroups/MAT_Groups_Fade.uasset" 137
"../../../Engine/Content/EditorMaterials/MatineeGroups/MAT_Groups_Float.uasset" 138
"../../../Engine/Content/EditorMaterials/MatineeGroups/MAT_Groups_Move.uasset" 139
"../../../Engine/Content/EditorMaterials/MatineeGroups/MAT_Groups_Slomo.uasset" 140
"../../../Engine/Content/EditorMaterials/MatineeGroups/MAT_Groups_Sound.uasset" 141
"../../../Engine/Content/EditorMaterials/MatineeGroups/MAT_Groups_Vector.uasset" 142
"../../../Engine/Content/EditorMaterials/ParticleSystems/PSysThumbnail_NoImage.uasset" 143
"../../../Engine/Content/EditorMaterials/ParticleSystems/PSysThumbnail_OOD.uasset" 144
"../../../Engine/Content/EditorMaterials/Camera/CineMat.uasset" 145
"../../../Engine/Content/EditorMaterials/Camera/MI_CineMat_Rig.uasset" 146
"../../../Engine/Content/EditorMeshes/Camera/SM_CraneRig_Arm.uasset" 147
"../../../Engine/Content/EditorMeshes/Camera/SM_CraneRig_Base.uasset" 148
"../../../Engine/Content/EditorMeshes/Camera/SM_CraneRig_Body.uasset" 149
"../../../Engine/Content/EditorMeshes/Camera/SM_CraneRig_Mount.uasset" 150
"../../../Engine/Content/EditorMeshes/Camera/SM_RailRig_Mount.uasset" 151
"../../../Engine/Content/EditorMeshes/Camera/SM_RailRig_Track.uasset" 152
"../../../Engine/Content/EditorResources/BSPVertex.uasset" 153
"../../../Engine/Content/EditorResources/EmptyActor.uasset" 154
"../../../Engine/Content/EditorResources/S_Actor.uasset" 155
"../../../Engine/Content/EditorResources/S_Note.uasset" 156
"../../../Engine/Content/EditorResources/S_Solver.uasset" 157
"../../../Engine/Content/EditorResources/S_Terrain.uasset" 158
"../../../Engine/Content/EditorResources/S_Trigger.uasset" 159
"../../../Engine/Content/EditorResources/LightIcons/S_LightError.uasset" 160
"../../../Engine/Content/EditorResources/SequenceRecorder/Countdown.uasset" 161
"../../../Engine/Content/EditorResources/SequenceRecorder/RecordingIndicator.uasset" 162
"../../../Engine/Content/EngineDamageTypes/DmgTypeBP_Environmental.uasset" 163
"../../../Engine/Content/EngineDebugMaterials/DebugEditorMaterial.uasset" 164
"../../../Engine/Content/EngineDebugMaterials/DebugMeshMaterial.uasset" 165
"../../../Engine/Content/EngineDebugMaterials/M_SimpleUnlitTranslucent.uasset" 166
"../../../Engine/Content/EngineDebugMaterials/VolumeToRender.uasset" 167
"../../../Engine/Content/Functions/Engine_MaterialFunctions02/Utility/CameraDirectionVector.uasset" 168
"../../../Engine/Content/EngineDebugMaterials/M_VolumeRenderSphereTracePP.uasset" 169
"../../../Engine/Content/Functions/Engine_MaterialFunctions01/Shading/ConvertFromDiffSpec.uasset" 170
"../../../Engine/Content/EngineDebugMaterials/VertexColorMaterial.uasset" 171
"../../../Engine/Content/EngineDebugMaterials/WireframeMaterial.uasset" 172
"../../../Engine/Content/EngineFonts/Faces/RobotoRegular.uasset" 173
"../../../Engine/Content/EngineFonts/Faces/RobotoLight.uasset" 174
"../../../Engine/Content/EngineFonts/Faces/RobotoItalic.uasset" 175
"../../../Engine/Content/EngineFonts/Faces/RobotoBoldItalic.uasset" 176
"../../../Engine/Content/EngineFonts/Faces/RobotoBold.uasset" 177
"../../../Engine/Content/EngineFonts/Faces/DroidSansFallback.uasset" 178
"../../../Engine/Content/EngineFonts/Roboto.uasset" 179
"../../../Engine/Content/EngineMaterials/BaseFlattenNormalMap.uasset" 180
"../../../Engine/Content/EngineMaterials/BaseFlattenGrayscaleMap.uasset" 181
"../../../Engine/Content/EngineMaterials/BaseFlattenEmissiveMap.uasset" 182
"../../../Engine/Content/EngineMaterials/BaseFlattenDiffuseMap.uasset" 183
"../../../Engine/Content/EngineMaterials/BaseFlattenMaterial.uasset" 184
"../../../Engine/Content/EngineMaterials/BlueNoise.uasset" 185
"../../../Engine/Content/EngineMaterials/DefaultBloomKernel.uasset" 186
"../../../Engine/Content/EngineMaterials/DefaultBokeh.uasset" 187
"../../../Engine/Content/EngineMaterials/DefaultDiffuse.uasset" 188
"../../../Engine/Content/EngineMaterials/DefaultDeferredDecalMaterial.uasset" 189
"../../../Engine/Content/EngineMaterials/DefaultLightFunctionMaterial.uasset" 190
"../../../Engine/Content/Functions/Engine_MaterialFunctions02/Utility/BreakOutFloat2Components.uasset" 191
"../../../Engine/Content/EngineMaterials/DefaultPostProcessMaterial.uasset" 192
"../../../Engine/Content/EngineFonts/RobotoDistanceField.uasset" 193
"../../../Engine/Content/EngineMaterials/DefaultTextMaterialOpaque.uasset" 194
"../../../Engine/Content/EngineMaterials/DefaultWhiteGrid.uasset" 195
"../../../Engine/Content/EngineMaterials/DefaultWhiteGrid_Low.uasset" 196
"../../../Engine/Content/EngineMaterials/EmissiveMeshMaterial.uasset" 197
"../../../Engine/Content/EngineMaterials/GizmoMaterial.uasset" 198
"../../../Engine/Content/EngineMaterials/Good64x64TilingNoiseHighFreq.uasset" 199
"../../../Engine/Content/EngineMaterials/MiniFont.uasset" 200
"../../../Engine/Content/EngineMaterials/InvalidLightmapSettings.uasset" 201
"../../../Engine/Content/EngineMaterials/M_InvalidLightmapSettings.uasset" 202
"../../../Engine/Content/Functions/Engine_MaterialFunctions02/WorldPositionOffset/CameraOffset.uasset" 203
"../../../Engine/Content/EngineMaterials/PhAT_JointLimitMaterial.uasset" 204
"../../../Engine/Content/EngineMaterials/PreintegratedSkinBRDF.uasset" 205
"../../../Engine/Content/EngineMaterials/RemoveSurfaceMaterial.uasset" 206
"../../../Engine/Content/EngineMaterials/WeightMapPlaceholderTexture.uasset" 207
"../../../Engine/Content/EngineResources/WhiteSquareTexture.uasset" 208
"../../../Engine/Content/EngineMaterials/Widget3DPassThrough.uasset" 209
"../../../Engine/Content/EngineMaterials/Widget3DPassThrough_Masked.uasset" 210
"../../../Engine/Content/EngineMaterials/Widget3DPassThrough_Opaque.uasset" 211
"../../../Engine/Content/EngineMaterials/Widget3DPassThrough_Masked_OneSided.uasset" 212
"../../../Engine/Content/EngineMaterials/Widget3DPassThrough_Opaque_OneSided.uasset" 213
"../../../Engine/Content/EngineMaterials/Widget3DPassThrough_Translucent.uasset" 214
"../../../Engine/Content/EngineMaterials/Widget3DPassThrough_Translucent_OneSided.uasset" 215
"../../../Engine/Content/EngineMeshes/Cylinder.uasset" 216
"../../../Engine/Content/EngineMeshes/Sphere.uasset" 217
"../../../Engine/Content/EngineResources/Black.uasset" 218
"../../../Engine/Content/EngineResources/DefaultTextureCube.uasset" 219
"../../../Engine/Content/EngineResources/DefaultVolumeTexture2D.uasset" 220
"../../../Engine/Content/EngineResources/DefaultVolumeTexture.uasset" 221
"../../../Engine/Content/EngineResources/GradientTexture0.uasset" 222
"../../../Engine/Content/EngineSky/VolumetricClouds/T_NoiseShape64.uasset" 223
"../../../Engine/Content/EngineSky/VolumetricClouds/T_VolumeNoiseShape64.uasset" 224
"../../../Engine/Content/EngineSky/VolumetricClouds/T_NoiseErosion.uasset" 225
"../../../Engine/Content/EngineSky/VolumetricClouds/T_VolumeNoiseErosion32.uasset" 226
"../../../Engine/Content/EngineSky/VolumetricClouds/CloudWeatherTexture.uasset" 227
"../../../Engine/Content/EngineSky/VolumetricClouds/CloudGradientTexture.uasset" 228
"../../../Engine/Content/Functions/Engine_MaterialFunctions02/Utility/MakeFloat2.uasset" 229
"../../../Engine/Content/EngineSky/VolumetricClouds/m_SimpleVolumetricCloud.uasset" 230
"../../../Engine/Content/EngineSky/VolumetricClouds/m_SimpleVolumetricCloud_Inst.uasset" 231
"../../../Engine/Content/EngineSounds/Master.uasset" 232
"../../../Engine/Content/Functions/Engine_MaterialFunctions01/Shading/PowerToRoughness.uasset" 233
"../../../Engine/Content/Maps/Templates/Thumbnails/Default.uasset" 234
"../../../Engine/Content/Maps/Templates/Thumbnails/TimeOfDay.uasset" 235
"../../../Engine/Content/Maps/Templates/Thumbnails/VR-Basic.uasset" 236
"../../../Engine/Content/MobileResources/T_MobileControls_texture.uasset" 237
"../../../Engine/Content/MobileResources/T_MobileMenu2.uasset" 238
"../../../Engine/Content/MobileResources/HUD/AnalogHat.uasset" 239
"../../../Engine/Content/MobileResources/HUD/VirtualJoystick_Thumb.uasset" 240
"../../../Engine/Content/MobileResources/HUD/VirtualJoystick_Background.uasset" 241
"../../../Engine/Content/MobileResources/HUD/DefaultVirtualJoysticks.uasset" 242
"../../../Engine/Content/MobileResources/HUD/LeftVirtualJoystickOnly.uasset" 243
"../../../Engine/Content/MobileResources/HUD/MobileHUDButton1_off.uasset" 244
"../../../Engine/Content/MobileResources/HUD/MobileHUDButton1_on.uasset" 245
"../../../Engine/Content/MobileResources/HUD/MobileHUDButton2_off.uasset" 246
"../../../Engine/Content/MobileResources/HUD/MobileHUDButton2_on.uasset" 247
"../../../Engine/Content/MobileResources/HUD/MobileHUDButton3.uasset" 248
"../../../Engine/Content/MobileResources/HUD/MobileHUDButtonFire.uasset" 249
"../../../Engine/Content/MobileResources/HUD/MobileHUDDirectionPad.uasset" 250
"../../../Engine/Content/MobileResources/HUD/MobileHUDDirectionPad2.uasset" 251
"../../../Engine/Content/MobileResources/HUD/MobileHUDDirectionPad3.uasset" 252
"../../../Engine/Content/MobileResources/HUD/MobileHUDDirectionStick.uasset" 253
"../../../Engine/Content/MobileResources/HUD/T_Castle_ThumbstickInner.uasset" 254
"../../../Engine/Content/MobileResources/HUD/T_Castle_ThumbstickOutter.uasset" 255
"../../../Engine/Content/Tutorial/ContentIntroCurve.uasset" 256
"../../../Engine/Content/Tutorial/Basics/LevelEditorAttract.uasset" 257
"../../../Engine/Content/Tutorial/Basics/TutorialAssets/icon_tab_Levels_40x.uasset" 258
"../../../Engine/Content/Tutorial/Basics/LevelEditorOverview.uasset" 259
"../../../Engine/Content/Tutorial/BlueprintTutorials/TutorialAssets/Blueprint_64x.uasset" 260
"../../../Engine/Content/Tutorial/BlueprintTutorials/BlueprintEditorTutorial.uasset" 261
"../../../Engine/Content/Tutorial/BlueprintTutorials/LevelBlueprintEditorOverview.uasset" 262
"../../../Engine/Content/VREditor/TransformGizmo/TranslucentTransformGizmoMaterial.uasset" 263
"../../../Engine/Content/VREditor/LaserPointer/VR_LaserPower_01.uasset" 264
"../../../Engine/Content/VREditor/TransformGizmo/TransformGizmoMaterial.uasset" 265
"../../../Engine/Content/VREditor/TransformGizmo/BoundingBoxCorner.uasset" 266
"../../../Engine/Content/VREditor/TransformGizmo/BoundingBoxEdge.uasset" 267
"../../../Engine/Content/VREditor/TransformGizmo/PlaneTranslationHandle.uasset" 268
"../../../Engine/Content/VREditor/TransformGizmo/Xray.uasset" 269
"../../../Engine/Content/VREditor/TransformGizmo/Main.uasset" 270
"../../../Engine/Content/VREditor/TransformGizmo/SM_Sequencer_Key.uasset" 271
"../../../Engine/Content/VREditor/TransformGizmo/SM_Sequencer_Node.uasset" 272
"../../Plugins/2D/Paper2D/Content/PlaceholderTextures/DummySpriteTexture.uasset" 273
"../../Plugins/2D/Paper2D/Content/DummySprite.uasset" 274
"../../Plugins/2D/Paper2D/Content/DefaultPaperTerrainMaterial.uasset" 275
"../../Plugins/2D/Paper2D/Content/DefaultSpriteMaterial.uasset" 276
"../../Plugins/2D/Paper2D/Content/MaskedUnlitSpriteMaterial.uasset" 277
"../../Plugins/2D/Paper2D/Content/OpaqueUnlitSpriteMaterial.uasset" 278
"../../../Engine/Content/Functions/Engine_MaterialFunctions02/Utility/BreakOutFloat3Components.uasset" 279
"../../Plugins/Editor/SpeedTreeImporter/Content/SpeedTree9/UnpackInteger3.uasset" 280
"../../Plugins/Editor/SpeedTreeImporter/Content/SpeedTree9/UnpackDirection.uasset" 281
"../../Plugins/Editor/SpeedTreeImporter/Content/SpeedTree9/game_wind_noise.uasset" 282
"../../../Engine/Content/Functions/Engine_MaterialFunctions02/SafeNormalize.uasset" 283
"../../Plugins/Editor/SpeedTreeImporter/Content/SpeedTree9/SpeedTreeWindMotion.uasset" 284
"../../Plugins/Editor/SpeedTreeImporter/Content/SpeedTree9/SpeedTreeBranchMotion.uasset" 285
"../../../Engine/Content/Functions/Engine_MaterialFunctions02/ObjectLocalBounds.uasset" 286
"../../../Engine/Content/Functions/Engine_MaterialFunctions02/UVs/BoundingBoxBased_0-1_UVW.uasset" 287
"../../Plugins/Editor/SpeedTreeImporter/Content/SpeedTree9/SpeedTreeWind.uasset" 288
"../../Plugins/Editor/SpeedTreeImporter/Content/SpeedTree9/SpeedTreeBillboard.uasset" 289
"../../../Engine/Content/EngineResources/DefaultTexture.uasset" 290
"../../Plugins/Editor/SpeedTreeImporter/Content/SpeedTree9/SpeedTreeBillboardMaster.uasset" 291
"../../Plugins/Editor/SpeedTreeImporter/Content/SpeedTree9/SpeedTreeCameraFacing.uasset" 292
"../../Plugins/Editor/SpeedTreeImporter/Content/SpeedTree9/SpeedTreeMaster.uasset" 293
"../../../Engine/Content/BasicShapes/Cylinder.uasset" 294
"../../../Engine/Content/ArtTools/RenderToTexture/Materials/Debug/M_Emissive_Color.uasset" 295
"../../Plugins/Lumin/MagicLeapPassableWorld/Content/MagicLeapARPinInfoActor.uasset" 296
"../../../Engine/Content/Functions/Engine_MaterialFunctions02/Utility/BreakOutFloat4Components.uasset" 297
"../../../Engine/Content/Functions/Engine_MaterialFunctions02/Utility/MakeFloat3.uasset" 298
"../../Plugins/Runtime/Oculus/OculusVR/Content/Materials/OculusMR_ChromaKey.uasset" 299
"../../Plugins/Runtime/Oculus/OculusVR/Content/Materials/OculusMR_OpaqueColoredMaterial.uasset" 300
"../../Plugins/Runtime/Oculus/OculusVR/Content/Materials/PokeAHoleMaterial.uasset" 301
"C:/Users/GGPC/Documents/Unreal Projects/Long_Man_7_Pamphlets/Content/Stylized_PBR_Nature/Rocks/Textures/T_R_Rocks_1-5_ORM.uasset" 302
"C:/Users/GGPC/Documents/Unreal Projects/Long_Man_7_Pamphlets/Content/Stylized_PBR_Nature/Rocks/Textures/T_R_Rocks_1-5_N.uasset" 303
"C:/Users/GGPC/Documents/Unreal Projects/Long_Man_7_Pamphlets/Content/Stylized_PBR_Nature/Rocks/Textures/T_R_Rocks_1-5_D.uasset" 304
"C:/Users/GGPC/Documents/Unreal Projects/Long_Man_7_Pamphlets/Content/Stylized_PBR_Nature/Rocks/Materials/M_Rock_Master.uasset" 305
"C:/Users/GGPC/Documents/Unreal Projects/Long_Man_7_Pamphlets/Content/Stylized_PBR_Nature/Rocks/Textures/T_S_Rocks_7-11_ORM.uasset" 306
"C:/Users/GGPC/Documents/Unreal Projects/Long_Man_7_Pamphlets/Content/Stylized_PBR_Nature/Rocks/Textures/T_S_Rocks_7-11_N.uasset" 307
"C:/Users/GGPC/Documents/Unreal Projects/Long_Man_7_Pamphlets/Content/Stylized_PBR_Nature/Rocks/Textures/T_S_Rocks_7-11_D.uasset" 308
"C:/Users/GGPC/Documents/Unreal Projects/Long_Man_7_Pamphlets/Content/Stylized_PBR_Nature/Rocks/Materials/MI_S_Rock_7-11.uasset" 309
"C:/Users/GGPC/Documents/Unreal Projects/Long_Man_7_Pamphlets/Content/Stylized_PBR_Nature/Rocks/Assets/SM_S_Rock_11.uasset" 310
"C:/Users/GGPC/Documents/Unreal Projects/Long_Man_7_Pamphlets/Content/Stylized_PBR_Nature/Rocks/Assets/SM_S_Rock_10.uasset" 311
"C:/Users/GGPC/Documents/Unreal Projects/Long_Man_7_Pamphlets/Content/Stylized_PBR_Nature/Rocks/Assets/SM_S_Rock_09.uasset" 312
"C:/Users/GGPC/Documents/Unreal Projects/Long_Man_7_Pamphlets/Content/Stylized_PBR_Nature/Rocks/Assets/SM_S_Rock_08.uasset" 313
"C:/Users/GGPC/Documents/Unreal Projects/Long_Man_7_Pamphlets/Content/Stylized_PBR_Nature/Rocks/Assets/SM_S_Rock_07.uasset" 314
"C:/Users/GGPC/Documents/Unreal Projects/Long_Man_7_Pamphlets/Content/Stylized_PBR_Nature/Rocks/Textures/T_S_Rocks_1-6_ORM.uasset" 315
"C:/Users/GGPC/Documents/Unreal Projects/Long_Man_7_Pamphlets/Content/Stylized_PBR_Nature/Rocks/Textures/T_S_Rocks_1-6_N.uasset" 316
"C:/Users/GGPC/Documents/Unreal Projects/Long_Man_7_Pamphlets/Content/Stylized_PBR_Nature/Rocks/Textures/T_S_Rocks_1-6_D.uasset" 317
"C:/Users/GGPC/Documents/Unreal Projects/Long_Man_7_Pamphlets/Content/Stylized_PBR_Nature/Rocks/Materials/MI_S_Rock_1-6.uasset" 318
"C:/Users/GGPC/Documents/Unreal Projects/Long_Man_7_Pamphlets/Content/Stylized_PBR_Nature/Rocks/Assets/SM_S_Rock_06.uasset" 319
"C:/Users/GGPC/Documents/Unreal Projects/Long_Man_7_Pamphlets/Content/Stylized_PBR_Nature/Rocks/Assets/SM_S_Rock_05.uasset" 320
"C:/Users/GGPC/Documents/Unreal Projects/Long_Man_7_Pamphlets/Content/Stylized_PBR_Nature/Rocks/Assets/SM_S_Rock_04.uasset" 321
"C:/Users/GGPC/Documents/Unreal Projects/Long_Man_7_Pamphlets/Content/Stylized_PBR_Nature/Rocks/Assets/SM_S_Rock_03.uasset" 322
"C:/Users/GGPC/Documents/Unreal Projects/Long_Man_7_Pamphlets/Content/Stylized_PBR_Nature/Rocks/Assets/SM_S_Rock_02.uasset" 323
"C:/Users/GGPC/Documents/Unreal Projects/Long_Man_7_Pamphlets/Content/Stylized_PBR_Nature/Rocks/Assets/SM_S_Rock_01.uasset" 324
"C:/Users/GGPC/Documents/Unreal Projects/Long_Man_7_Pamphlets/Content/Stylized_PBR_Nature/Rocks/Materials/MI_R_Rock_1-5.uasset" 325
"C:/Users/GGPC/Documents/Unreal Projects/Long_Man_7_Pamphlets/Content/Stylized_PBR_Nature/Rocks/Assets/SM_R_Rock_05.uasset" 326
"C:/Users/GGPC/Documents/Unreal Projects/Long_Man_7_Pamphlets/Content/Stylized_PBR_Nature/Rocks/Assets/SM_R_Rock_04.uasset" 327
"C:/Users/GGPC/Documents/Unreal Projects/Long_Man_7_Pamphlets/Content/Stylized_PBR_Nature/Rocks/Assets/SM_R_Rock_03.uasset" 328
"C:/Users/GGPC/Documents/Unreal Projects/Long_Man_7_Pamphlets/Content/Stylized_PBR_Nature/Rocks/Assets/SM_R_Rock_02.uasset" 329
"C:/Users/GGPC/Documents/Unreal Projects/Long_Man_7_Pamphlets/Content/Stylized_PBR_Nature/Rocks/Assets/SM_R_Rock_01.uasset" 330
"../../../Engine/Content/EngineSky/T_Sky_Stars.uasset" 331
"../../../Engine/Content/EngineSky/T_Sky_Clouds_M.uasset" 332
"../../../Engine/Content/EngineSky/T_Sky_Blue.uasset" 333
"../../../Engine/Content/EngineSky/M_Sky_Panning_Clouds2.uasset" 334
"C:/Users/GGPC/Documents/Unreal Projects/Long_Man_7_Pamphlets/Content/Stylized_PBR_Nature/Maps/Asset_Scene_BuiltData.uasset" 335
"../../../Engine/Content/EngineSky/C_Sky_Cloud_Color.uasset" 336
"../../../Engine/Content/EngineSky/SM_SkySphere.uasset" 337
"../../../Engine/Content/EngineSky/C_Sky_Zenith_Color.uasset" 338
"../../../Engine/Content/EngineSky/C_Sky_Horizon_Color.uasset" 339
"../../../Engine/Content/EngineSky/BP_Sky_Sphere.uasset" 340
"C:/Users/GGPC/Documents/Unreal Projects/Long_Man_7_Pamphlets/Content/Stylized_PBR_Nature/Foliage/Textures/T_Common_Tree_05_ORM.uasset" 341
"C:/Users/GGPC/Documents/Unreal Projects/Long_Man_7_Pamphlets/Content/Stylized_PBR_Nature/Foliage/Textures/T_Common_Tree_05_N.uasset" 342
"C:/Users/GGPC/Documents/Unreal Projects/Long_Man_7_Pamphlets/Content/Stylized_PBR_Nature/Foliage/Textures/T_Common_Tree_05_D.uasset" 343
"C:/Users/GGPC/Documents/Unreal Projects/Long_Man_7_Pamphlets/Content/Stylized_PBR_Nature/Foliage/Textures/T_Pine_Tree_Trunk_N.uasset" 344
"C:/Users/GGPC/Documents/Unreal Projects/Long_Man_7_Pamphlets/Content/Stylized_PBR_Nature/Foliage/Textures/T_Pine_Tree_Trunk_D.uasset" 345
"C:/Users/GGPC/Documents/Unreal Projects/Long_Man_7_Pamphlets/Content/Stylized_PBR_Nature/Foliage/Textures/T_Pine_Tree_Trunk_ORM.uasset" 346
"C:/Users/GGPC/Documents/Unreal Projects/Long_Man_7_Pamphlets/Content/Stylized_PBR_Nature/Foliage/Materials/M_Tree_Trunk_Master.uasset" 347
"C:/Users/GGPC/Documents/Unreal Projects/Long_Man_7_Pamphlets/Content/Stylized_PBR_Nature/Foliage/Materials/MI_Common_Tree_05.uasset" 348
"C:/Users/GGPC/Documents/Unreal Projects/Long_Man_7_Pamphlets/Content/Stylized_PBR_Nature/Foliage/Materials/MI_Pine_Trunk.uasset" 349
"C:/Users/GGPC/Documents/Unreal Projects/Long_Man_7_Pamphlets/Content/Stylized_PBR_Nature/Foliage/Textures/T_Pine_Tree_Leaves_D.uasset" 350
"../../../Engine/Content/Functions/Engine_MaterialFunctions01/WorldPositionOffset/SimpleGrassWind.uasset" 351
"C:/Users/GGPC/Documents/Unreal Projects/Long_Man_7_Pamphlets/Content/Stylized_PBR_Nature/Foliage/Textures/T_Grass_D.uasset" 352
"C:/Users/GGPC/Documents/Unreal Projects/Long_Man_7_Pamphlets/Content/Stylized_PBR_Nature/Foliage/Materials/M_Foliage_Master.uasset" 353
"C:/Users/GGPC/Documents/Unreal Projects/Long_Man_7_Pamphlets/Content/Stylized_PBR_Nature/Foliage/Materials/MI_Pine_Tree_Leaves.uasset" 354
"C:/Users/GGPC/Documents/Unreal Projects/Long_Man_7_Pamphlets/Content/Stylized_PBR_Nature/Foliage/Assets/SM_Pine_Tree_4.uasset" 355
"C:/Users/GGPC/Documents/Unreal Projects/Long_Man_7_Pamphlets/Content/Stylized_PBR_Nature/Foliage/Assets/SM_Pine_Tree_2.uasset" 356
"C:/Users/GGPC/Documents/Unreal Projects/Long_Man_7_Pamphlets/Content/Stylized_PBR_Nature/Foliage/Assets/SM_Pine_Tree_1.uasset" 357
"C:/Users/GGPC/Documents/Unreal Projects/Long_Man_7_Pamphlets/Content/Stylized_PBR_Nature/Foliage/Materials/MI_Grass.uasset" 358
"C:/Users/GGPC/Documents/Unreal Projects/Long_Man_7_Pamphlets/Content/Stylized_PBR_Nature/Foliage/Assets/SM_Grass.uasset" 359
"C:/Users/GGPC/Documents/Unreal Projects/Long_Man_7_Pamphlets/Content/Stylized_PBR_Nature/Foliage/Textures/T_Fern_D.uasset" 360
"C:/Users/GGPC/Documents/Unreal Projects/Long_Man_7_Pamphlets/Content/Stylized_PBR_Nature/Foliage/Materials/MI_Fern.uasset" 361
"C:/Users/GGPC/Documents/Unreal Projects/Long_Man_7_Pamphlets/Content/Stylized_PBR_Nature/Foliage/Assets/SM_Fern.uasset" 362
"C:/Users/GGPC/Documents/Unreal Projects/Long_Man_7_Pamphlets/Content/Stylized_PBR_Nature/Foliage/Textures/T_Common_Tree_11_ORM.uasset" 363
"C:/Users/GGPC/Documents/Unreal Projects/Long_Man_7_Pamphlets/Content/Stylized_PBR_Nature/Foliage/Textures/T_Common_Tree_11_N.uasset" 364
"C:/Users/GGPC/Documents/Unreal Projects/Long_Man_7_Pamphlets/Content/Stylized_PBR_Nature/Foliage/Textures/T_Common_Tree_11_D.uasset" 365
"C:/Users/GGPC/Documents/Unreal Projects/Long_Man_7_Pamphlets/Content/Stylized_PBR_Nature/Foliage/Materials/MI_Common_Tree_11.uasset" 366
"C:/Users/GGPC/Documents/Unreal Projects/Long_Man_7_Pamphlets/Content/Stylized_PBR_Nature/Foliage/Textures/T_Common_Tree_Leaves_D.uasset" 367
"C:/Users/GGPC/Documents/Unreal Projects/Long_Man_7_Pamphlets/Content/Stylized_PBR_Nature/Foliage/Materials/MI_Common_Tree_Leaves.uasset" 368
"C:/Users/GGPC/Documents/Unreal Projects/Long_Man_7_Pamphlets/Content/Stylized_PBR_Nature/Foliage/Assets/SM_Common_Tree_11.uasset" 369
"C:/Users/GGPC/Documents/Unreal Projects/Long_Man_7_Pamphlets/Content/Stylized_PBR_Nature/Foliage/Textures/T_Common_Tree_10_N.uasset" 370
"C:/Users/GGPC/Documents/Unreal Projects/Long_Man_7_Pamphlets/Content/Stylized_PBR_Nature/Foliage/Textures/T_Common_Tree_10_D.uasset" 371
"C:/Users/GGPC/Documents/Unreal Projects/Long_Man_7_Pamphlets/Content/Stylized_PBR_Nature/Foliage/Materials/MI_Common_Tree_10.uasset" 372
"C:/Users/GGPC/Documents/Unreal Projects/Long_Man_7_Pamphlets/Content/Stylized_PBR_Nature/Foliage/Assets/SM_Common_Tree_10.uasset" 373
"C:/Users/GGPC/Documents/Unreal Projects/Long_Man_7_Pamphlets/Content/Stylized_PBR_Nature/Foliage/Textures/T_Common_Tree_09_ORM.uasset" 374
"C:/Users/GGPC/Documents/Unreal Projects/Long_Man_7_Pamphlets/Content/Stylized_PBR_Nature/Foliage/Textures/T_Common_Tree_09_N.uasset" 375
"C:/Users/GGPC/Documents/Unreal Projects/Long_Man_7_Pamphlets/Content/Stylized_PBR_Nature/Foliage/Textures/T_Common_Tree_09_D.uasset" 376
"C:/Users/GGPC/Documents/Unreal Projects/Long_Man_7_Pamphlets/Content/Stylized_PBR_Nature/Foliage/Materials/MI_Common_Tree_09.uasset" 377
"C:/Users/GGPC/Documents/Unreal Projects/Long_Man_7_Pamphlets/Content/Stylized_PBR_Nature/Foliage/Assets/SM_Common_Tree_09.uasset" 378
"C:/Users/GGPC/Documents/Unreal Projects/Long_Man_7_Pamphlets/Content/Stylized_PBR_Nature/Foliage/Textures/T_Common_Tree_08_ORM.uasset" 379
"C:/Users/GGPC/Documents/Unreal Projects/Long_Man_7_Pamphlets/Content/Stylized_PBR_Nature/Foliage/Textures/T_Common_Tree_08_N.uasset" 380
"C:/Users/GGPC/Documents/Unreal Projects/Long_Man_7_Pamphlets/Content/Stylized_PBR_Nature/Foliage/Textures/T_Common_Tree_08_D.uasset" 381
"C:/Users/GGPC/Documents/Unreal Projects/Long_Man_7_Pamphlets/Content/Stylized_PBR_Nature/Foliage/Materials/MI_Common_Tree_08.uasset" 382
"C:/Users/GGPC/Documents/Unreal Projects/Long_Man_7_Pamphlets/Content/Stylized_PBR_Nature/Foliage/Assets/SM_Common_Tree_08.uasset" 383
"C:/Users/GGPC/Documents/Unreal Projects/Long_Man_7_Pamphlets/Content/Stylized_PBR_Nature/Foliage/Textures/T_Common_Tree_07_ORM.uasset" 384
"C:/Users/GGPC/Documents/Unreal Projects/Long_Man_7_Pamphlets/Content/Stylized_PBR_Nature/Foliage/Textures/T_Common_Tree_07_N.uasset" 385
"C:/Users/GGPC/Documents/Unreal Projects/Long_Man_7_Pamphlets/Content/Stylized_PBR_Nature/Foliage/Textures/T_Common_Tree_07_D.uasset" 386
"C:/Users/GGPC/Documents/Unreal Projects/Long_Man_7_Pamphlets/Content/Stylized_PBR_Nature/Foliage/Materials/MI_Common_Tree_07.uasset" 387
"C:/Users/GGPC/Documents/Unreal Projects/Long_Man_7_Pamphlets/Content/Stylized_PBR_Nature/Foliage/Assets/SM_Common_Tree_07.uasset" 388
"C:/Users/GGPC/Documents/Unreal Projects/Long_Man_7_Pamphlets/Content/Stylized_PBR_Nature/Foliage/Textures/T_Common_Tree_06_ORM.uasset" 389
"C:/Users/GGPC/Documents/Unreal Projects/Long_Man_7_Pamphlets/Content/Stylized_PBR_Nature/Foliage/Textures/T_Common_Tree_06_N.uasset" 390
"C:/Users/GGPC/Documents/Unreal Projects/Long_Man_7_Pamphlets/Content/Stylized_PBR_Nature/Foliage/Textures/T_Common_Tree_06_D.uasset" 391
"C:/Users/GGPC/Documents/Unreal Projects/Long_Man_7_Pamphlets/Content/Stylized_PBR_Nature/Foliage/Materials/MI_Common_Tree_06.uasset" 392
"C:/Users/GGPC/Documents/Unreal Projects/Long_Man_7_Pamphlets/Content/Stylized_PBR_Nature/Foliage/Assets/SM_Common_Tree_06.uasset" 393
"C:/Users/GGPC/Documents/Unreal Projects/Long_Man_7_Pamphlets/Content/Stylized_PBR_Nature/Foliage/Assets/SM_Common_Tree_05.uasset" 394
"C:/Users/GGPC/Documents/Unreal Projects/Long_Man_7_Pamphlets/Content/Stylized_PBR_Nature/Foliage/Textures/T_Common_Tree_04_ORM.uasset" 395
"C:/Users/GGPC/Documents/Unreal Projects/Long_Man_7_Pamphlets/Content/Stylized_PBR_Nature/Foliage/Textures/T_Common_Tree_04_N.uasset" 396
"C:/Users/GGPC/Documents/Unreal Projects/Long_Man_7_Pamphlets/Content/Stylized_PBR_Nature/Foliage/Textures/T_Common_Tree_04_D.uasset" 397
"C:/Users/GGPC/Documents/Unreal Projects/Long_Man_7_Pamphlets/Content/Stylized_PBR_Nature/Foliage/Materials/MI_Common_Tree_04.uasset" 398
"C:/Users/GGPC/Documents/Unreal Projects/Long_Man_7_Pamphlets/Content/Stylized_PBR_Nature/Foliage/Assets/SM_Common_Tree_04.uasset" 399
"C:/Users/GGPC/Documents/Unreal Projects/Long_Man_7_Pamphlets/Content/Stylized_PBR_Nature/Foliage/Textures/T_Common_Tree_03_ORM.uasset" 400
"C:/Users/GGPC/Documents/Unreal Projects/Long_Man_7_Pamphlets/Content/Stylized_PBR_Nature/Foliage/Textures/T_Common_Tree_03_N.uasset" 401
"C:/Users/GGPC/Documents/Unreal Projects/Long_Man_7_Pamphlets/Content/Stylized_PBR_Nature/Foliage/Textures/T_Common_Tree_03_D.uasset" 402
"C:/Users/GGPC/Documents/Unreal Projects/Long_Man_7_Pamphlets/Content/Stylized_PBR_Nature/Foliage/Materials/MI_Common_Tree_03.uasset" 403
"C:/Users/GGPC/Documents/Unreal Projects/Long_Man_7_Pamphlets/Content/Stylized_PBR_Nature/Foliage/Assets/SM_Common_Tree_03.uasset" 404
"C:/Users/GGPC/Documents/Unreal Projects/Long_Man_7_Pamphlets/Content/Stylized_PBR_Nature/Foliage/Textures/T_Common_Tree_02_ORM.uasset" 405
"C:/Users/GGPC/Documents/Unreal Projects/Long_Man_7_Pamphlets/Content/Stylized_PBR_Nature/Foliage/Textures/T_Common_Tree_02_N.uasset" 406
"C:/Users/GGPC/Documents/Unreal Projects/Long_Man_7_Pamphlets/Content/Stylized_PBR_Nature/Foliage/Textures/T_Common_Tree_02_D.uasset" 407
"C:/Users/GGPC/Documents/Unreal Projects/Long_Man_7_Pamphlets/Content/Stylized_PBR_Nature/Foliage/Materials/MI_Common_Tree_02.uasset" 408
"C:/Users/GGPC/Documents/Unreal Projects/Long_Man_7_Pamphlets/Content/Stylized_PBR_Nature/Foliage/Assets/SM_Common_Tree_02.uasset" 409
"C:/Users/GGPC/Documents/Unreal Projects/Long_Man_7_Pamphlets/Content/Stylized_PBR_Nature/Foliage/Textures/T_Common_Tree_01_ORM.uasset" 410
"C:/Users/GGPC/Documents/Unreal Projects/Long_Man_7_Pamphlets/Content/Stylized_PBR_Nature/Foliage/Textures/T_Common_Tree_01_N.uasset" 411
"C:/Users/GGPC/Documents/Unreal Projects/Long_Man_7_Pamphlets/Content/Stylized_PBR_Nature/Foliage/Textures/T_Common_Tree_01_D.uasset" 412
"C:/Users/GGPC/Documents/Unreal Projects/Long_Man_7_Pamphlets/Content/Stylized_PBR_Nature/Foliage/Materials/MI_Common_Tree_01.uasset" 413
"C:/Users/GGPC/Documents/Unreal Projects/Long_Man_7_Pamphlets/Content/Stylized_PBR_Nature/Foliage/Assets/SM_Common_Tree_01.uasset" 414
"C:/Users/GGPC/Documents/Unreal Projects/Long_Man_7_Pamphlets/Content/Stylized_PBR_Nature/Foliage/Textures/T_Clover_D.uasset" 415
"C:/Users/GGPC/Documents/Unreal Projects/Long_Man_7_Pamphlets/Content/Stylized_PBR_Nature/Foliage/Materials/MI_Clover.uasset" 416
"C:/Users/GGPC/Documents/Unreal Projects/Long_Man_7_Pamphlets/Content/Stylized_PBR_Nature/Foliage/Assets/SM_Clover.uasset" 417
"C:/Users/GGPC/Documents/Unreal Projects/Long_Man_7_Pamphlets/Content/Stylized_PBR_Nature/Foliage/Materials/MI_Bush.uasset" 418
"C:/Users/GGPC/Documents/Unreal Projects/Long_Man_7_Pamphlets/Content/Stylized_PBR_Nature/Foliage/Assets/SM_Bush.uasset" 419
"C:/Users/GGPC/Documents/Unreal Projects/Long_Man_7_Pamphlets/Content/Stylized_PBR_Nature/Foliage/Assets/SM_Pine_Tree_3.uasset" 420
"C:/Users/GGPC/Documents/Unreal Projects/Long_Man_7_Pamphlets/Content/Stylized_PBR_Nature/Maps/Asset_Scene.umap" 421
"../../../Engine/Content/EngineMaterials/DefaultPhysicalMaterial.uasset" 422
"../../../Engine/Content/BasicShapes/Plane.uasset" 423
"C:/Users/GGPC/Documents/Unreal Projects/Long_Man_7_Pamphlets/Content/Stylized_PBR_Nature/Terrain/M_Water_Basic.uasset" 424
"C:/Users/GGPC/Documents/Unreal Projects/Long_Man_7_Pamphlets/Content/Stylized_PBR_Nature/Terrain/T_rock.uasset" 425
"C:/Users/GGPC/Documents/Unreal Projects/Long_Man_7_Pamphlets/Content/Stylized_PBR_Nature/Terrain/T_Grass_2.uasset" 426
"C:/Users/GGPC/Documents/Unreal Projects/Long_Man_7_Pamphlets/Content/Stylized_PBR_Nature/Terrain/T_Grass_1.uasset" 427
"C:/Users/GGPC/Documents/Unreal Projects/Long_Man_7_Pamphlets/Content/Stylized_PBR_Nature/Terrain/T_Dirt.uasset" 428
"C:/Users/GGPC/Documents/Unreal Projects/Long_Man_7_Pamphlets/Content/Stylized_PBR_Nature/Terrain/M_Landscape.uasset" 429
"C:/Users/GGPC/Documents/Unreal Projects/Long_Man_7_Pamphlets/Content/Stylized_PBR_Nature/Maps/Stylized_Nature_ExampleScene_BuiltData.uasset" 430
"../../../Engine/Content/EditorLandscapeResources/DataLayer.uasset" 431
"C:/Users/GGPC/Documents/Unreal Projects/Long_Man_7_Pamphlets/Content/Stylized_PBR_Nature/Maps/Rock_LayerInfo.uasset" 432
"C:/Users/GGPC/Documents/Unreal Projects/Long_Man_7_Pamphlets/Content/Stylized_PBR_Nature/Maps/Grass_02_LayerInfo.uasset" 433
"C:/Users/GGPC/Documents/Unreal Projects/Long_Man_7_Pamphlets/Content/Stylized_PBR_Nature/Maps/Grass_01_LayerInfo.uasset" 434
"C:/Users/GGPC/Documents/Unreal Projects/Long_Man_7_Pamphlets/Content/Stylized_PBR_Nature/Maps/dirt_LayerInfo.uasset" 435
"C:/Users/GGPC/Documents/Unreal Projects/Long_Man_7_Pamphlets/Content/Stylized_PBR_Nature/Maps/Stylized_Nature_ExampleScene.umap" 436
"../../../Engine/Content/StarterContent/Textures/T_ground_Moss_D.uasset" 437
"../../../Engine/Content/StarterContent/Textures/T_ground_Moss_Mat.uasset" 438
"C:/Users/GGPC/Documents/Unreal Projects/Long_Man_7_Pamphlets/Content/ThirdPersonBP/Maps/World_BuiltData.uasset" 439
"C:/Users/GGPC/Documents/Unreal Projects/Long_Man_7_Pamphlets/Content/Pamphlets/Pamphlet_Material.uasset" 440
"C:/Users/GGPC/Documents/Unreal Projects/Long_Man_7_Pamphlets/Content/Pamphlets/Pamphlet.uasset" 441
"C:/Users/GGPC/Documents/Unreal Projects/Long_Man_7_Pamphlets/Content/Geometry/Meshes/TemplateFloor.uasset" 442
"C:/Users/GGPC/Documents/Unreal Projects/Long_Man_7_Pamphlets/Content/Win.uasset" 443
"C:/Users/GGPC/Documents/Unreal Projects/Long_Man_7_Pamphlets/Content/longman.uasset" 444
"C:/Users/GGPC/Documents/Unreal Projects/Long_Man_7_Pamphlets/Content/Settings.uasset" 445
"C:/Users/GGPC/Documents/Unreal Projects/Long_Man_7_Pamphlets/Content/Lose.uasset" 446
"../../../Engine/Content/EngineFonts/Faces/DroidSansMono.uasset" 447
"../../../Engine/Content/EngineFonts/DroidSansMono.uasset" 448
"C:/Users/GGPC/Documents/Unreal Projects/Long_Man_7_Pamphlets/Content/MainMenu.uasset" 449
"C:/Users/GGPC/Documents/Unreal Projects/Long_Man_7_Pamphlets/Content/ThirdPersonBP/Maps/World.umap" 450
"../../../Engine/Content/Maps/Entry_BuiltData.uasset" 451
"../../../Engine/Content/Maps/Entry.umap" 452
